WARNING: Failed to find function "__sanitizer_acquire_crash_state".
WARNING: Failed to find function "__sanitizer_print_stack_trace".
WARNING: Failed to find function "__sanitizer_set_death_callback".
INFO: Running with entropic power schedule (0xFF, 100).
INFO: Seed: 102934563
MERGE-OUTER: 3829 files, 0 in the initial corpus, 0 processed earlier
MERGE-OUTER: attempt 1
WARNING: Failed to find function "__sanitizer_acquire_crash_state".
WARNING: Failed to find function "__sanitizer_print_stack_trace".
WARNING: Failed to find function "__sanitizer_set_death_callback".
INFO: Running with entropic power schedule (0xFF, 100).
INFO: Seed: 102967281
INFO: -max_len is not provided; libFuzzer will not generate inputs larger than 1048576 bytes
MERGE-INNER: using the control file '/tmp/libFuzzerTemp.Merge1045.txt'
MERGE-INNER: 3829 total files; 0 processed earlier; will process 3829 files now
#1	pulse  exec/s: 0 rss: 32Mb
#2	pulse  exec/s: 0 rss: 32Mb
#4	pulse  exec/s: 0 rss: 32Mb
#8	pulse  exec/s: 0 rss: 32Mb
#16	pulse  exec/s: 0 rss: 32Mb
#32	pulse  exec/s: 0 rss: 32Mb
#64	pulse  exec/s: 0 rss: 32Mb
#128	pulse  exec/s: 0 rss: 32Mb
#256	pulse  exec/s: 0 rss: 41Mb
#512	pulse  exec/s: 170 rss: 41Mb
#1024	pulse  exec/s: 170 rss: 42Mb
#2048	pulse  exec/s: 89 rss: 42Mb
#3829	DONE   exec/s: 32 rss: 46Mb
MERGE-OUTER: successful in 1 attempt(s)
MERGE-OUTER: the control file has 382691 bytes
MERGE-OUTER: consumed 0Mb (31Mb rss) to parse the control file
MERGE-OUTER: 0 new files with 0 new features added; 0 new coverage edges
