WARNING: Failed to find function "__sanitizer_acquire_crash_state".
WARNING: Failed to find function "__sanitizer_print_stack_trace".
WARNING: Failed to find function "__sanitizer_set_death_callback".
INFO: Running with entropic power schedule (0xFF, 100).
INFO: Seed: 77553334
MERGE-OUTER: 5639 files, 0 in the initial corpus, 0 processed earlier
MERGE-OUTER: attempt 1
WARNING: Failed to find function "__sanitizer_acquire_crash_state".
WARNING: Failed to find function "__sanitizer_print_stack_trace".
WARNING: Failed to find function "__sanitizer_set_death_callback".
INFO: Running with entropic power schedule (0xFF, 100).
INFO: Seed: 77595205
INFO: -max_len is not provided; libFuzzer will not generate inputs larger than 1048576 bytes
MERGE-INNER: using the control file '/tmp/libFuzzerTemp.Merge868.txt'
MERGE-INNER: 5639 total files; 0 processed earlier; will process 5639 files now
#1	pulse  exec/s: 0 rss: 27Mb
#2	pulse  exec/s: 0 rss: 27Mb
#4	pulse  exec/s: 0 rss: 27Mb
#8	pulse  exec/s: 0 rss: 27Mb
#16	pulse  exec/s: 0 rss: 27Mb
#32	pulse  exec/s: 0 rss: 27Mb
#64	pulse  exec/s: 0 rss: 28Mb
#128	pulse  exec/s: 0 rss: 28Mb
#256	pulse  exec/s: 0 rss: 28Mb
#512	pulse  exec/s: 0 rss: 28Mb
#1024	pulse  exec/s: 0 rss: 28Mb
#2048	pulse  exec/s: 2048 rss: 28Mb
#4096	pulse  exec/s: 585 rss: 29Mb
#5639	DONE   exec/s: 268 rss: 33Mb
MERGE-OUTER: successful in 1 attempt(s)
MERGE-OUTER: the control file has 577153 bytes
MERGE-OUTER: consumed 0Mb (28Mb rss) to parse the control file
MERGE-OUTER: 0 new files with 0 new features added; 0 new coverage edges
