WARNING: Failed to find function "__sanitizer_acquire_crash_state".
WARNING: Failed to find function "__sanitizer_print_stack_trace".
WARNING: Failed to find function "__sanitizer_set_death_callback".
INFO: Running with entropic power schedule (0xFF, 100).
INFO: Seed: 90656823
MERGE-OUTER: 17890 files, 0 in the initial corpus, 0 processed earlier
MERGE-OUTER: attempt 1
WARNING: Failed to find function "__sanitizer_acquire_crash_state".
WARNING: Failed to find function "__sanitizer_print_stack_trace".
WARNING: Failed to find function "__sanitizer_set_death_callback".
INFO: Running with entropic power schedule (0xFF, 100).
INFO: Seed: 90820718
INFO: -max_len is not provided; libFuzzer will not generate inputs larger than 1048576 bytes
MERGE-INNER: using the control file '/tmp/libFuzzerTemp.Merge962.txt'
MERGE-INNER: 17890 total files; 0 processed earlier; will process 17890 files now
#1	pulse  exec/s: 0 rss: 40Mb
#2	pulse  exec/s: 0 rss: 40Mb
#4	pulse  exec/s: 0 rss: 41Mb
#8	pulse  exec/s: 0 rss: 42Mb
#16	pulse  exec/s: 0 rss: 43Mb
#32	pulse  exec/s: 0 rss: 43Mb
#64	pulse  exec/s: 0 rss: 43Mb
#128	pulse  exec/s: 0 rss: 43Mb
#256	pulse  exec/s: 0 rss: 43Mb
#512	pulse  exec/s: 0 rss: 43Mb
#1024	pulse  exec/s: 0 rss: 43Mb
#2048	pulse  exec/s: 0 rss: 43Mb
#4096	pulse  exec/s: 0 rss: 43Mb
#8192	pulse  exec/s: 8192 rss: 43Mb
#16384	pulse  exec/s: 8192 rss: 44Mb
#17890	DONE   exec/s: 5963 rss: 44Mb
MERGE-OUTER: successful in 1 attempt(s)
MERGE-OUTER: the control file has 1939520 bytes
MERGE-OUTER: consumed 1Mb (38Mb rss) to parse the control file
MERGE-OUTER: 0 new files with 0 new features added; 0 new coverage edges
