WARNING: Failed to find function "__sanitizer_acquire_crash_state".
WARNING: Failed to find function "__sanitizer_print_stack_trace".
WARNING: Failed to find function "__sanitizer_set_death_callback".
INFO: Running with entropic power schedule (0xFF, 100).
INFO: Seed: 85680471
MERGE-OUTER: 682 files, 0 in the initial corpus, 0 processed earlier
MERGE-OUTER: attempt 1
WARNING: Failed to find function "__sanitizer_acquire_crash_state".
WARNING: Failed to find function "__sanitizer_print_stack_trace".
WARNING: Failed to find function "__sanitizer_set_death_callback".
INFO: Running with entropic power schedule (0xFF, 100).
INFO: Seed: 85694405
INFO: -max_len is not provided; libFuzzer will not generate inputs larger than 1048576 bytes
MERGE-INNER: using the control file '/tmp/libFuzzerTemp.Merge944.txt'
MERGE-INNER: 682 total files; 0 processed earlier; will process 682 files now
#1	pulse  exec/s: 0 rss: 26Mb
#2	pulse  exec/s: 0 rss: 34Mb
#4	pulse  exec/s: 0 rss: 34Mb
#8	pulse  exec/s: 0 rss: 34Mb
#16	pulse  exec/s: 0 rss: 34Mb
#32	pulse  exec/s: 32 rss: 34Mb
#64	pulse  exec/s: 32 rss: 34Mb
#128	pulse  exec/s: 25 rss: 34Mb
#256	pulse  exec/s: 17 rss: 34Mb
#512	pulse  exec/s: 10 rss: 34Mb
#682	DONE   exec/s: 5 rss: 34Mb
MERGE-OUTER: successful in 1 attempt(s)
MERGE-OUTER: the control file has 72031 bytes
MERGE-OUTER: consumed 0Mb (26Mb rss) to parse the control file
MERGE-OUTER: 0 new files with 0 new features added; 0 new coverage edges
