WARNING: Failed to find function "__sanitizer_acquire_crash_state".
WARNING: Failed to find function "__sanitizer_print_stack_trace".
WARNING: Failed to find function "__sanitizer_set_death_callback".
INFO: Running with entropic power schedule (0xFF, 100).
INFO: Seed: 124361117
MERGE-OUTER: 7548 files, 0 in the initial corpus, 0 processed earlier
MERGE-OUTER: attempt 1
WARNING: Failed to find function "__sanitizer_acquire_crash_state".
WARNING: Failed to find function "__sanitizer_print_stack_trace".
WARNING: Failed to find function "__sanitizer_set_death_callback".
INFO: Running with entropic power schedule (0xFF, 100).
INFO: Seed: 124426073
INFO: -max_len is not provided; libFuzzer will not generate inputs larger than 1048576 bytes
MERGE-INNER: using the control file '/tmp/libFuzzerTemp.Merge1274.txt'
MERGE-INNER: 7548 total files; 0 processed earlier; will process 7548 files now
#1	pulse  exec/s: 0 rss: 38Mb
#2	pulse  exec/s: 0 rss: 38Mb
#4	pulse  exec/s: 0 rss: 38Mb
#8	pulse  exec/s: 0 rss: 38Mb
#16	pulse  exec/s: 0 rss: 38Mb
#32	pulse  exec/s: 0 rss: 39Mb
#64	pulse  exec/s: 0 rss: 41Mb
#128	pulse  exec/s: 0 rss: 41Mb
#256	pulse  exec/s: 0 rss: 41Mb
#512	pulse  exec/s: 0 rss: 41Mb
#1024	pulse  exec/s: 0 rss: 41Mb
#2048	pulse  exec/s: 0 rss: 41Mb
#4096	pulse  exec/s: 4096 rss: 41Mb
#7548	DONE   exec/s: 1887 rss: 41Mb
MERGE-OUTER: successful in 1 attempt(s)
MERGE-OUTER: the control file has 763766 bytes
MERGE-OUTER: consumed 0Mb (34Mb rss) to parse the control file
MERGE-OUTER: 0 new files with 0 new features added; 0 new coverage edges
