WARNING: Failed to find function "__sanitizer_acquire_crash_state".
WARNING: Failed to find function "__sanitizer_print_stack_trace".
WARNING: Failed to find function "__sanitizer_set_death_callback".
INFO: Running with entropic power schedule (0xFF, 100).
INFO: Seed: 115674709
MERGE-OUTER: 1026 files, 0 in the initial corpus, 0 processed earlier
MERGE-OUTER: attempt 1
WARNING: Failed to find function "__sanitizer_acquire_crash_state".
WARNING: Failed to find function "__sanitizer_print_stack_trace".
WARNING: Failed to find function "__sanitizer_set_death_callback".
INFO: Running with entropic power schedule (0xFF, 100).
INFO: Seed: 115710298
INFO: -max_len is not provided; libFuzzer will not generate inputs larger than 1048576 bytes
MERGE-INNER: using the control file '/tmp/libFuzzerTemp.Merge1184.txt'
MERGE-INNER: 1026 total files; 0 processed earlier; will process 1026 files now
#1	pulse  exec/s: 0 rss: 31Mb
#2	pulse  exec/s: 0 rss: 31Mb
#4	pulse  exec/s: 0 rss: 31Mb
#8	pulse  exec/s: 0 rss: 31Mb
#16	pulse  exec/s: 0 rss: 31Mb
#32	pulse  exec/s: 0 rss: 31Mb
#64	pulse  exec/s: 0 rss: 31Mb
#128	pulse  exec/s: 0 rss: 32Mb
#256	pulse  exec/s: 0 rss: 32Mb
#512	pulse  exec/s: 0 rss: 32Mb
#1024	pulse  exec/s: 512 rss: 32Mb
#1026	DONE   exec/s: 513 rss: 32Mb
MERGE-OUTER: successful in 1 attempt(s)
MERGE-OUTER: the control file has 128280 bytes
MERGE-OUTER: consumed 0Mb (31Mb rss) to parse the control file
MERGE-OUTER: 0 new files with 0 new features added; 0 new coverage edges
